<?xml version="1.0" encoding="UTF-8"?>
<!-- Generated by org.testng.reporters.JUnitXMLReporter -->
<testsuite ignored="0" hostname="TYSS-Sunil" failures="1" tests="6" name="Test" time="22.098" errors="0" timestamp="2023-09-03T16:07:27 IST">
  <testcase classname="com.amazon.testcase.E2E_Flow" name="OneTest" time="0.408"/>
  <testcase classname="com.amazon.testcase.E2E_Flow" name="TwoTest" time="2.014"/>
  <testcase classname="com.amazon.testcase.E2E_Flow" name="ThreeTest" time="5.251"/>
  <testcase classname="com.amazon.testcase.E2E_Flow" name="FourTest" time="10.328"/>
  <testcase classname="com.amazon.testcase.E2E_Flow" name="FiveTest" time="0.121">
    <failure type="java.lang.AssertionError" message="expected [false] but found [true]">
      <![CDATA[java.lang.AssertionError: expected [false] but found [true]
at com.amazon.testcase.E2E_Flow.FiveTest(E2E_Flow.java:47)
at java.base/java.util.ArrayList.forEach(ArrayList.java:1511)
... Removed 35 stack frames]]>
    </failure>
  </testcase> <!-- FiveTest -->
  <testcase classname="com.amazon.testcase.E2E_Flow" name="SixTest" time="0.0">
    <skipped/>
  </testcase> <!-- SixTest -->
</testsuite> <!-- Test -->
