<?xml version="1.0" encoding="UTF-8"?>
<testng-results ignored="0" total="2" passed="2" failed="0" skipped="0">
  <reporter-output>
  </reporter-output>
  <suite started-at="2023-11-01T11:05:33 IST" name="Default suite" finished-at="2023-11-01T11:06:48 IST" duration-ms="74877">
    <groups>
    </groups>
    <test started-at="2023-11-01T11:05:33 IST" name="Default test" finished-at="2023-11-01T11:06:48 IST" duration-ms="74877">
      <class name="com.amazon.testcase.NaukriResumeRefresh">
        <test-method signature="refreshresume()[pri:0, instance:com.amazon.testcase.NaukriResumeRefresh@31c88ec8]" started-at="2023-11-01T11:05:33 IST" name="refreshresume" finished-at="2023-11-01T11:06:11 IST" duration-ms="37811" status="PASS">
          <reporter-output>
          </reporter-output>
        </test-method> <!-- refreshresume -->
        <test-method signature="refreshresume()[pri:0, instance:com.amazon.testcase.NaukriResumeRefresh@31c88ec8]" started-at="2023-11-01T11:06:11 IST" name="refreshresume" finished-at="2023-11-01T11:06:48 IST" duration-ms="36980" status="PASS">
          <reporter-output>
          </reporter-output>
        </test-method> <!-- refreshresume -->
      </class> <!-- com.amazon.testcase.NaukriResumeRefresh -->
    </test> <!-- Default test -->
  </suite> <!-- Default suite -->
</testng-results>
